mode: set
github.com/threatflux/cryptum-go/internal/logger/logger.go:36.41,39.2 2 1
github.com/threatflux/cryptum-go/internal/logger/logger.go:53.50,55.2 1 1
github.com/threatflux/cryptum-go/internal/logger/logger.go:58.44,60.2 1 1
github.com/threatflux/cryptum-go/internal/logger/logger.go:63.28,64.17 1 1
github.com/threatflux/cryptum-go/internal/logger/logger.go:64.17,70.3 1 1
github.com/threatflux/cryptum-go/internal/logger/logger.go:71.2,71.17 1 1
github.com/threatflux/cryptum-go/internal/logger/logger.go:75.22,78.2 2 1
github.com/threatflux/cryptum-go/internal/logger/logger.go:81.40,83.2 1 1
github.com/threatflux/cryptum-go/internal/logger/logger.go:86.53,87.22 1 1
github.com/threatflux/cryptum-go/internal/logger/logger.go:87.22,89.3 1 1
github.com/threatflux/cryptum-go/internal/logger/logger.go:93.52,94.21 1 1
github.com/threatflux/cryptum-go/internal/logger/logger.go:94.21,96.3 1 1
github.com/threatflux/cryptum-go/internal/logger/logger.go:100.52,101.21 1 1
github.com/threatflux/cryptum-go/internal/logger/logger.go:101.21,103.3 1 1
github.com/threatflux/cryptum-go/internal/logger/logger.go:107.53,108.22 1 1
github.com/threatflux/cryptum-go/internal/logger/logger.go:108.22,111.3 2 1
github.com/threatflux/cryptum-go/internal/logger/logger.go:119.53,120.22 1 0
github.com/threatflux/cryptum-go/internal/logger/logger.go:120.22,123.3 2 0
github.com/threatflux/cryptum-go/internal/logger/logger.go:127.65,128.22 1 1
github.com/threatflux/cryptum-go/internal/logger/logger.go:128.22,131.3 2 1
github.com/threatflux/cryptum-go/internal/logger/logger.go:134.2,135.27 2 1
github.com/threatflux/cryptum-go/internal/logger/logger.go:135.27,137.3 1 1
github.com/threatflux/cryptum-go/internal/logger/logger.go:138.2,138.45 1 1
github.com/threatflux/cryptum-go/internal/logger/logger.go:142.40,143.29 1 1
github.com/threatflux/cryptum-go/internal/logger/logger.go:143.29,145.3 1 1
github.com/threatflux/cryptum-go/internal/logger/logger.go:146.2,146.29 1 1
github.com/threatflux/cryptum-go/pkg/encryption/decrypt.go:21.84,22.23 1 1
github.com/threatflux/cryptum-go/pkg/encryption/decrypt.go:22.23,24.3 1 1
github.com/threatflux/cryptum-go/pkg/encryption/decrypt.go:25.2,25.36 1 1
github.com/threatflux/cryptum-go/pkg/encryption/decrypt.go:25.36,27.3 1 1
github.com/threatflux/cryptum-go/pkg/encryption/decrypt.go:30.2,37.16 6 1
github.com/threatflux/cryptum-go/pkg/encryption/decrypt.go:37.16,39.3 1 1
github.com/threatflux/cryptum-go/pkg/encryption/decrypt.go:42.2,43.16 2 1
github.com/threatflux/cryptum-go/pkg/encryption/decrypt.go:43.16,45.3 1 0
github.com/threatflux/cryptum-go/pkg/encryption/decrypt.go:48.2,49.16 2 1
github.com/threatflux/cryptum-go/pkg/encryption/decrypt.go:49.16,51.3 1 0
github.com/threatflux/cryptum-go/pkg/encryption/decrypt.go:54.2,55.16 2 1
github.com/threatflux/cryptum-go/pkg/encryption/decrypt.go:55.16,57.3 1 0
github.com/threatflux/cryptum-go/pkg/encryption/decrypt.go:59.2,59.23 1 1
github.com/threatflux/cryptum-go/pkg/encryption/decrypt.go:63.88,64.23 1 1
github.com/threatflux/cryptum-go/pkg/encryption/decrypt.go:64.23,66.3 1 1
github.com/threatflux/cryptum-go/pkg/encryption/decrypt.go:68.2,69.16 2 1
github.com/threatflux/cryptum-go/pkg/encryption/decrypt.go:69.16,71.3 1 1
github.com/threatflux/cryptum-go/pkg/encryption/decrypt.go:73.2,73.31 1 1
github.com/threatflux/cryptum-go/pkg/encryption/encrypt.go:18.73,19.22 1 1
github.com/threatflux/cryptum-go/pkg/encryption/encrypt.go:19.22,21.3 1 1
github.com/threatflux/cryptum-go/pkg/encryption/encrypt.go:22.2,22.17 1 1
github.com/threatflux/cryptum-go/pkg/encryption/encrypt.go:22.17,24.3 1 1
github.com/threatflux/cryptum-go/pkg/encryption/encrypt.go:25.2,25.20 1 1
github.com/threatflux/cryptum-go/pkg/encryption/encrypt.go:25.20,27.3 1 1
github.com/threatflux/cryptum-go/pkg/encryption/encrypt.go:28.2,28.29 1 1
github.com/threatflux/cryptum-go/pkg/encryption/encrypt.go:28.29,30.3 1 1
github.com/threatflux/cryptum-go/pkg/encryption/encrypt.go:33.2,34.64 2 1
github.com/threatflux/cryptum-go/pkg/encryption/encrypt.go:34.64,36.3 1 0
github.com/threatflux/cryptum-go/pkg/encryption/encrypt.go:39.2,41.16 3 1
github.com/threatflux/cryptum-go/pkg/encryption/encrypt.go:41.16,43.3 1 0
github.com/threatflux/cryptum-go/pkg/encryption/encrypt.go:46.2,47.16 2 1
github.com/threatflux/cryptum-go/pkg/encryption/encrypt.go:47.16,49.3 1 0
github.com/threatflux/cryptum-go/pkg/encryption/encrypt.go:52.2,53.16 2 1
github.com/threatflux/cryptum-go/pkg/encryption/encrypt.go:53.16,55.3 1 0
github.com/threatflux/cryptum-go/pkg/encryption/encrypt.go:58.2,59.59 2 1
github.com/threatflux/cryptum-go/pkg/encryption/encrypt.go:59.59,61.3 1 0
github.com/threatflux/cryptum-go/pkg/encryption/encrypt.go:64.2,73.20 6 1
github.com/threatflux/cryptum-go/pkg/encryption/encrypt.go:77.75,78.22 1 1
github.com/threatflux/cryptum-go/pkg/encryption/encrypt.go:78.22,80.3 1 1
github.com/threatflux/cryptum-go/pkg/encryption/encrypt.go:81.2,81.45 1 1
github.com/threatflux/cryptum-go/pkg/encryption/keys.go:15.66,18.16 2 1
github.com/threatflux/cryptum-go/pkg/encryption/keys.go:18.16,20.3 1 0
github.com/threatflux/cryptum-go/pkg/encryption/keys.go:23.2,38.35 5 1
github.com/threatflux/cryptum-go/pkg/encryption/keys.go:42.69,45.16 2 1
github.com/threatflux/cryptum-go/pkg/encryption/keys.go:45.16,47.3 1 1
github.com/threatflux/cryptum-go/pkg/encryption/keys.go:50.2,51.18 2 1
github.com/threatflux/cryptum-go/pkg/encryption/keys.go:51.18,53.3 1 1
github.com/threatflux/cryptum-go/pkg/encryption/keys.go:56.2,57.16 2 1
github.com/threatflux/cryptum-go/pkg/encryption/keys.go:57.16,59.3 1 0
github.com/threatflux/cryptum-go/pkg/encryption/keys.go:61.2,61.24 1 1
github.com/threatflux/cryptum-go/pkg/encryption/keys.go:65.66,68.16 2 1
github.com/threatflux/cryptum-go/pkg/encryption/keys.go:68.16,70.3 1 1
github.com/threatflux/cryptum-go/pkg/encryption/keys.go:73.2,74.18 2 1
github.com/threatflux/cryptum-go/pkg/encryption/keys.go:74.18,76.3 1 1
github.com/threatflux/cryptum-go/pkg/encryption/keys.go:79.2,80.16 2 1
github.com/threatflux/cryptum-go/pkg/encryption/keys.go:80.16,82.3 1 0
github.com/threatflux/cryptum-go/pkg/encryption/keys.go:84.2,84.23 1 1
